# JRE version: OpenJDK Runtime Environment JBR-21.0.3+13-509.4-jcef (21.0.3+13) (build 21.0.3+13-b509.4)
# Java VM: OpenJDK 64-Bit Server VM JBR-21.0.3+13-509.4-jcef (21.0.3+13-b509.4, mixed mode, tiered, compressed oops, compressed class ptrs, g1 gc, windows-amd64)
GC Precious Log:
 CardTable entry size: 512
 Card Set container configuration: InlinePtr #cards 5 size 8 Array Of Cards #cards 12 size 40 Howl #buckets 4 coarsen threshold 1843 Howl Bitmap #cards 512 size 80 coarsen threshold 460 Card regions per heap region 1 cards per card region 2048
 CPUs: 12 total, 12 available
 Memory: 32541M
 Large Page Support: Disabled
 NUMA Support: Disabled
 Compressed Oops: Enabled (32-bit)
 Heap Region Size: 1M
 Heap Min Capacity: 128M
 Heap Initial Capacity: 128M
 Heap Max Capacity: 2G
 Pre-touch: Disabled
 Parallel Workers: 10
 Concurrent Workers: 3
 Concurrent Refinement Workers: 10
 Periodic GC: Disabled
Heap:
 garbage-first heap   total 436224K, used 223744K [0x0000000080000000, 0x0000000100000000)
  region size 1024K, 3 young (3072K), 3 survivors (3072K)
 Metaspace       used 37979K, committed 38400K, reserved 1114112K
  class space    used 3986K, committed 4160K, reserved 1048576K
GC Heap History (19 events):
Event: 0.591 GC heap before
{Heap before GC invocations=0 (full 0):
 garbage-first heap   total 131072K, used 28672K [0x0000000080000000, 0x0000000100000000)
  region size 1024K, 23 young (23552K), 0 survivors (0K)
 Metaspace       used 15888K, committed 16128K, reserved 1114112K
  class space    used 1503K, committed 1600K, reserved 1048576K
}
Event: 0.595 GC heap after
{Heap after GC invocations=1 (full 0):
 garbage-first heap   total 131072K, used 10559K [0x0000000080000000, 0x0000000100000000)
  region size 1024K, 3 young (3072K), 3 survivors (3072K)
 Metaspace       used 15888K, committed 16128K, reserved 1114112K
  class space    used 1503K, committed 1600K, reserved 1048576K
}
Event: 0.708 GC heap before
{Heap before GC invocations=1 (full 0):
 garbage-first heap   total 131072K, used 19775K [0x0000000080000000, 0x0000000100000000)
  region size 1024K, 14 young (14336K), 3 survivors (3072K)
 Metaspace       used 21224K, committed 21504K, reserved 1114112K
  class space    used 2040K, committed 2176K, reserved 1048576K
}
Event: 0.712 GC heap after
{Heap after GC invocations=2 (full 0):
 garbage-first heap   total 131072K, used 11891K [0x0000000080000000, 0x0000000100000000)
  region size 1024K, 2 young (2048K), 2 survivors (2048K)
 Metaspace       used 21224K, committed 21504K, reserved 1114112K
  class space    used 2040K, committed 2176K, reserved 1048576K
}
Event: 1.267 GC heap before
{Heap before GC invocations=3 (full 0):
 garbage-first heap   total 131072K, used 55923K [0x0000000080000000, 0x0000000100000000)
  region size 1024K, 47 young (48128K), 2 survivors (2048K)
 Metaspace       used 35530K, committed 35968K, reserved 1114112K
  class space    used 3763K, committed 3968K, reserved 1048576K
}
Event: 1.272 GC heap after
{Heap after GC invocations=4 (full 0):
 garbage-first heap   total 131072K, used 16086K [0x0000000080000000, 0x0000000100000000)
  region size 1024K, 6 young (6144K), 6 survivors (6144K)
 Metaspace       used 35530K, committed 35968K, reserved 1114112K
  class space    used 3763K, committed 3968K, reserved 1048576K
}
Event: 1.412 GC heap before
{Heap before GC invocations=5 (full 0):
 garbage-first heap   total 131072K, used 53974K [0x0000000080000000, 0x0000000100000000)
  region size 1024K, 12 young (12288K), 6 survivors (6144K)
 Metaspace       used 36728K, committed 37184K, reserved 1114112K
  class space    used 3947K, committed 4160K, reserved 1048576K
}
Event: 1.416 GC heap after
{Heap after GC invocations=6 (full 0):
 garbage-first heap   total 131072K, used 32831K [0x0000000080000000, 0x0000000100000000)
  region size 1024K, 6 young (6144K), 6 survivors (6144K)
 Metaspace       used 36728K, committed 37184K, reserved 1114112K
  class space    used 3947K, committed 4160K, reserved 1048576K
}
Event: 1.416 GC heap before
{Heap before GC invocations=6 (full 0):
 garbage-first heap   total 131072K, used 49215K [0x0000000080000000, 0x0000000100000000)
  region size 1024K, 7 young (7168K), 6 survivors (6144K)
 Metaspace       used 36728K, committed 37184K, reserved 1114112K
  class space    used 3947K, committed 4160K, reserved 1048576K
}
Event: 1.420 GC heap after
{Heap after GC invocations=7 (full 0):
 garbage-first heap   total 131072K, used 49197K [0x0000000080000000, 0x0000000100000000)
  region size 1024K, 5 young (5120K), 5 survivors (5120K)
 Metaspace       used 36728K, committed 37184K, reserved 1114112K
  class space    used 3947K, committed 4160K, reserved 1048576K
}
Event: 1.464 GC heap before
{Heap before GC invocations=7 (full 0):
 garbage-first heap   total 131072K, used 80941K [0x0000000080000000, 0x0000000100000000)
  region size 1024K, 5 young (5120K), 5 survivors (5120K)
 Metaspace       used 36738K, committed 37184K, reserved 1114112K
  class space    used 3947K, committed 4160K, reserved 1048576K
}
Event: 1.469 GC heap after
{Heap after GC invocations=8 (full 0):
 garbage-first heap   total 379904K, used 64716K [0x0000000080000000, 0x0000000100000000)
  region size 1024K, 5 young (5120K), 5 survivors (5120K)
 Metaspace       used 36738K, committed 37184K, reserved 1114112K
  class space    used 3947K, committed 4160K, reserved 1048576K
}
Event: 2.132 GC heap before
{Heap before GC invocations=8 (full 0):
 garbage-first heap   total 379904K, used 326860K [0x0000000080000000, 0x0000000100000000)
  region size 1024K, 222 young (227328K), 5 survivors (5120K)
 Metaspace       used 37950K, committed 38400K, reserved 1114112K
  class space    used 3985K, committed 4160K, reserved 1048576K
}
Event: 2.172 GC heap after
{Heap after GC invocations=9 (full 0):
 garbage-first heap   total 436224K, used 157696K [0x0000000080000000, 0x0000000100000000)
  region size 1024K, 28 young (28672K), 28 survivors (28672K)
 Metaspace       used 37950K, committed 38400K, reserved 1114112K
  class space    used 3985K, committed 4160K, reserved 1048576K
}
Event: 2.173 GC heap before
{Heap before GC invocations=9 (full 0):
 garbage-first heap   total 436224K, used 159744K [0x0000000080000000, 0x0000000100000000)
  region size 1024K, 30 young (30720K), 28 survivors (28672K)
 Metaspace       used 37952K, committed 38400K, reserved 1114112K
  class space    used 3985K, committed 4160K, reserved 1048576K
}
Event: 2.189 GC heap after
{Heap after GC invocations=10 (full 0):
 garbage-first heap   total 436224K, used 163262K [0x0000000080000000, 0x0000000100000000)
  region size 1024K, 4 young (4096K), 4 survivors (4096K)
 Metaspace       used 37952K, committed 38400K, reserved 1114112K
  class space    used 3985K, committed 4160K, reserved 1048576K
}
Event: 2.314 GC heap before
{Heap before GC invocations=10 (full 0):
 garbage-first heap   total 436224K, used 282046K [0x0000000080000000, 0x0000000100000000)
  region size 1024K, 120 young (122880K), 4 survivors (4096K)
 Metaspace       used 37979K, committed 38400K, reserved 1114112K
  class space    used 3986K, committed 4160K, reserved 1048576K
}
Event: 2.329 GC heap after
{Heap after GC invocations=11 (full 0):
 garbage-first heap   total 436224K, used 218624K [0x0000000080000000, 0x0000000100000000)
  region size 1024K, 15 young (15360K), 15 survivors (15360K)
 Metaspace       used 37979K, committed 38400K, reserved 1114112K
  class space    used 3986K, committed 4160K, reserved 1048576K
}
Event: 2.335 GC heap before
{Heap before GC invocations=11 (full 0):
 garbage-first heap   total 436224K, used 224768K [0x0000000080000000, 0x0000000100000000)
  region size 1024K, 21 young (21504K), 15 survivors (15360K)
 Metaspace       used 37979K, committed 38400K, reserved 1114112K
  class space    used 3986K, committed 4160K, reserved 1048576K
}

